
> client@0.1.0 dev
> next dev

▲ Next.js 16.2.4 (Turbopack)
- Local:         http://localhost:3000
- Network:       http://192.168.29.252:3000
✓ Ready in 6.6s
⚠ Warning: Next.js inferred your workspace root, but it may not be correct.
 We detected multiple lockfiles and selected the directory of D:\package-lock.json as the root directory.
 To silence this warning, set `turbopack.root` in your Next.js config, or consider removing one of the lockfiles if it's not needed.
   See https://nextjs.org/docs/app/api-reference/config/next-config-js/turbopack#root-directory for more information.
 Detected additional lockfiles: 
   * D:\workspace\MedsRemind\client\package-lock.json

⚠ Slow filesystem detected. The benchmark took 346ms. If D:\workspace/MedsRemind/client/.next/dev is a network drive, consider moving it to a local folder.
See more: https://nextjs.org/docs/app/guides/local-development

○ Compiling /track ...
 GET /track 200 in 34.6s (next.js: 33.8s, application-code: 744ms)
 GET /prescription 200 in 362ms (next.js: 148ms, application-code: 214ms)
[browser] Detected `scroll-behavior: smooth` on the `<html>` element. To disable smooth scrolling during route transitions, add `data-scroll-behavior="smooth"` to your <html> element. Learn more: https://nextjs.org/docs/messages/missing-data-scroll-behavior (.next\dev\static\chunks\00kl_next_dist_0e~eko-._.js:2431:13)
 GET /checkout 200 in 346ms (next.js: 148ms, application-code: 198ms)
[browser] AxiosError: Request failed with status code 401
    at settle (.next\dev\static\chunks\00kl_axios_lib_08zo4xt._.js:2070:16)
    at XMLHttpRequest.onloadend (.next\dev\static\chunks\00kl_axios_lib_08zo4xt._.js:2615:211) (.next\dev\static\chunks\workspace_MedsRemind_client_0acn3pq._.js:90:21)
 GET /login 200 in 343ms (next.js: 133ms, application-code: 210ms)
 GET /dashboard 200 in 259ms (next.js: 133ms, application-code: 126ms)
 GET /prescription 200 in 119ms (next.js: 20ms, application-code: 99ms)
 GET /checkout 200 in 89ms (next.js: 10ms, application-code: 79ms)
 GET /track 200 in 93ms (next.js: 9ms, application-code: 84ms)
 GET /track 200 in 50ms (next.js: 18ms, application-code: 32ms)
 GET /track 200 in 121ms (next.js: 13ms, application-code: 108ms)
 GET /notifications 200 in 383ms (next.js: 171ms, application-code: 212ms)
 GET / 200 in 252ms (next.js: 125ms, application-code: 127ms)
✓ Compiled in 310ms
 GET / 200 in 747ms (next.js: 328ms, application-code: 419ms)
 GET / 200 in 227ms (next.js: 10ms, application-code: 217ms)
 GET / 200 in 264ms (next.js: 7ms, application-code: 257ms)
 GET / 200 in 265ms (next.js: 49ms, application-code: 216ms)
 GET / 200 in 265ms (next.js: 97ms, application-code: 169ms)
 GET / 200 in 267ms (next.js: 142ms, application-code: 125ms)
 GET / 200 in 208ms (next.js: 9ms, application-code: 199ms)
 GET / 200 in 170ms (next.js: 4ms, application-code: 165ms)
 GET / 200 in 126ms (next.js: 5ms, application-code: 121ms)
 GET / 200 in 133ms (next.js: 36ms, application-code: 97ms)
 GET / 200 in 134ms (next.js: 81ms, application-code: 53ms)
 GET / 200 in 1130ms (next.js: 8ms, application-code: 1123ms)
 GET /orders 200 in 284ms (next.js: 139ms, application-code: 145ms)
[browser] Detected `scroll-behavior: smooth` on the `<html>` element. To disable smooth scrolling during route transitions, add `data-scroll-behavior="smooth"` to your <html> element. Learn more: https://nextjs.org/docs/messages/missing-data-scroll-behavior (.next\dev\static\chunks\00kl_next_dist_0e~eko-._.js:2431:13)
 GET /track?id=14 200 in 849ms (next.js: 638ms, application-code: 211ms)
 GET / 200 in 437ms (next.js: 12ms, application-code: 425ms)
⚠ Blocked cross-origin request to Next.js dev resource /_next/webpack-hmr from "mono-perhaps-saskatchewan-plug.trycloudflare.com".
Cross-origin access to Next.js dev resources is blocked by default for safety.

To allow this host in development, add it to "allowedDevOrigins" in next.config.js and restart the dev server:

// next.config.js
module.exports = {
  allowedDevOrigins: ['mono-perhaps-saskatchewan-plug.trycloudflare.com'],
}

Read more: https://nextjs.org/docs/app/api-reference/config/next-config-js/allowedDevOrigins
⚠ Blocked cross-origin request to Next.js dev resource /__nextjs_font/geist-latin.woff2 from "mono-perhaps-saskatchewan-plug.trycloudflare.com".
Cross-origin access to Next.js dev resources is blocked by default for safety.

To allow this host in development, add it to "allowedDevOrigins" in next.config.js and restart the dev server:

// next.config.js
module.exports = {
  allowedDevOrigins: ['mono-perhaps-saskatchewan-plug.trycloudflare.com'],
}

Read more: https://nextjs.org/docs/app/api-reference/config/next-config-js/allowedDevOrigins
 GET / 200 in 169ms (next.js: 34ms, application-code: 135ms)
