nohup: ignoring input
read failed 9: Bad file descriptor
read failed 9: Bad file descriptor

> client@0.1.0 dev
> next dev

⚠ Port 3000 is in use by process 32144, using available port 3001 instead.
▲ Next.js 16.2.4 (Turbopack)
- Local:         http://localhost:3001
- Network:       http://192.168.29.252:3001
✓ Ready in 1858ms
⚠ Warning: Next.js inferred your workspace root, but it may not be correct.
 We detected multiple lockfiles and selected the directory of D:\package-lock.json as the root directory.
 To silence this warning, set `turbopack.root` in your Next.js config, or consider removing one of the lockfiles if it's not needed.
   See https://nextjs.org/docs/app/api-reference/config/next-config-js/turbopack#root-directory for more information.
 Detected additional lockfiles: 
   * D:\workspace\MedsRemind\client\package-lock.json
   * D:\workspace\MedsRemind\package-lock.json

⨯ Another next dev server is already running.

- Local:        http://localhost:3000
- PID:          32144
- Dir:          D:\workspace\MedsRemind\client
- Log:          .next\dev\logs\next-development.log

Run taskkill /PID 32144 /F to stop it.
[?25h
