
> medsremind-root@1.0.0 start
> cd server && npm install && npm start


up to date, audited 272 packages in 2s

44 packages are looking for funding
  run `npm fund` for details

7 vulnerabilities (2 low, 5 high)

To address all issues (including breaking changes), run:
  npm audit fix --force

Run `npm audit` for details.

> server@1.0.0 start
> node init-db.js && node src/index.js

Initializing Production Database...
Database initialized successfully with production schema.
◇ injected env (2) from .env // tip: ⌁ auth for agents [www.vestauth.com]
◇ injected env (0) from .env // tip: ◈ encrypted .env [www.dotenvx.com]
node:events:502
      throw er; // Unhandled 'error' event
      ^

Error: listen EADDRINUSE: address already in use :::5006
    at Server.setupListenHandle [as _listen2] (node:net:1908:16)
    at listenInCluster (node:net:1965:12)
    at Server.listen (node:net:2067:7)
    at Object.<anonymous> (D:\workspace\MedsRemind\server\src\index.js:214:8)
    at Module._compile (node:internal/modules/cjs/loader:1529:14)
    at Module._extensions..js (node:internal/modules/cjs/loader:1613:10)
    at Module.load (node:internal/modules/cjs/loader:1275:32)
    at Module._load (node:internal/modules/cjs/loader:1096:12)
    at Function.executeUserEntryPoint [as runMain] (node:internal/modules/run_main:164:12)
    at node:internal/main/run_main_module:28:49
Emitted 'error' event on Server instance at:
    at emitErrorNT (node:net:1944:8)
    at process.processTicksAndRejections (node:internal/process/task_queues:82:21) {
  code: 'EADDRINUSE',
  errno: -4091,
  syscall: 'listen',
  address: '::',
  port: 5006
}

Node.js v20.19.4
