nohup: ignoring input
read failed 9: Bad file descriptor
read failed 9: Bad file descriptor

> server@1.0.0 start
> node init-db.js && node src/index.js

◇ injected env (2) from .env // tip: ⌘ custom filepath { path: '/custom/path/.env' }
Initializing database...
Connected to the SQLite database at: D:\workspace\MedsRemind\server\database.sqlite
Database initialized successfully.
◇ injected env (2) from .env // tip: ⌘ suppress logs { quiet: true }
◇ injected env (0) from .env // tip: ⌁ auth for agents [www.vestauth.com]
node:events:502
      throw er; // Unhandled 'error' event
      ^

Error: listen EADDRINUSE: address already in use :::5007
    at Server.setupListenHandle [as _listen2] (node:net:1908:16)
    at listenInCluster (node:net:1965:12)
    at Server.listen (node:net:2067:7)
    at Object.<anonymous> (D:\workspace\MedsRemind\server\src\index.js:185:8)
    at Module._compile (node:internal/modules/cjs/loader:1529:14)
    at Module._extensions..js (node:internal/modules/cjs/loader:1613:10)
    at Module.load (node:internal/modules/cjs/loader:1275:32)
    at Module._load (node:internal/modules/cjs/loader:1096:12)
    at Function.executeUserEntryPoint [as runMain] (node:internal/modules/run_main:164:12)
    at node:internal/main/run_main_module:28:49
Emitted 'error' event on Server instance at:
    at emitErrorNT (node:net:1944:8)
    at process.processTicksAndRejections (node:internal/process/task_queues:82:21) {
  code: 'EADDRINUSE',
  errno: -4091,
  syscall: 'listen',
  address: '::',
  port: 5007
}

Node.js v20.19.4
