nohup: ignoring input
read failed 9: Bad file descriptor
read failed 9: Bad file descriptor

> medsremind-root@1.0.0 start
> concurrently "cd server && npm start" "cd client && npm run dev"

[0] 
[0] > server@1.0.0 start
[0] > node init-db.js && node src/index.js
[0] 
[1] 
[1] > client@0.1.0 dev
[1] > next dev
[1] 
[0] ◇ injected env (2) from .env // tip: ◈ encrypted .env [www.dotenvx.com]
[0] Initializing database...
[0] Connected to the SQLite database at: D:\workspace\MedsRemind\server\database.sqlite
[0] Database initialized successfully.
[0] ◇ injected env (2) from .env // tip: ◈ secrets for agents [www.dotenvx.com]
[0] ◇ injected env (0) from .env // tip: ◈ encrypted .env [www.dotenvx.com]
[0] node:events:502
[0]       throw er; // Unhandled 'error' event
[0]       ^
[0] 
[0] Error: listen EADDRINUSE: address already in use :::5010
[0]     at Server.setupListenHandle [as _listen2] (node:net:1908:16)
[0]     at listenInCluster (node:net:1965:12)
[0]     at Server.listen (node:net:2067:7)
[0]     at Object.<anonymous> (D:\workspace\MedsRemind\server\src\index.js:255:8)
[0]     at Module._compile (node:internal/modules/cjs/loader:1529:14)
[0]     at Module._extensions..js (node:internal/modules/cjs/loader:1613:10)
[0]     at Module.load (node:internal/modules/cjs/loader:1275:32)
[0]     at Module._load (node:internal/modules/cjs/loader:1096:12)
[0]     at Function.executeUserEntryPoint [as runMain] (node:internal/modules/run_main:164:12)
[0]     at node:internal/main/run_main_module:28:49
[0] Emitted 'error' event on Server instance at:
[0]     at emitErrorNT (node:net:1944:8)
[0]     at process.processTicksAndRejections (node:internal/process/task_queues:82:21) {
[0]   code: 'EADDRINUSE',
[0]   errno: -4091,
[0]   syscall: 'listen',
[0]   address: '::',
[0]   port: 5010
[0] }
[0] 
[0] Node.js v20.19.4
[0] cd server && npm start exited with code 1
[1] ▲ Next.js 16.2.4 (Turbopack)
[1] - Local:         http://localhost:3000
[1] - Network:       http://192.168.29.252:3000
[1] ✓ Ready in 3.7s
[1] ⚠ Warning: Next.js inferred your workspace root, but it may not be correct.
[1]  We detected multiple lockfiles and selected the directory of D:\package-lock.json as the root directory.
[1]  To silence this warning, set `turbopack.root` in your Next.js config, or consider removing one of the lockfiles if it's not needed.
[1]    See https://nextjs.org/docs/app/api-reference/config/next-config-js/turbopack#root-directory for more information.
[1]  Detected additional lockfiles: 
[1]    * D:\workspace\MedsRemind\client\package-lock.json
[1]    * D:\workspace\MedsRemind\package-lock.json
[1] 
[1] 
[1]  GET / 200 in 1560ms (next.js: 704ms, application-code: 856ms)
[1] [browser] Uncaught SyntaxError: "undefined" is not valid JSON
[1]     at JSON.parse (<anonymous>)
[1]     at Navbar.useEffect (.next\dev\static\chunks\workspace_MedsRemind_client_src_0u2ufoq._.js:242:40)
[1]     at Object.react_stack_bottom_frame (.next\dev\static\chunks\00kl_next_dist_compiled_react-dom_0mkaliw._.js:15087:22)
[1]     at runWithFiberInDEV (.next\dev\static\chunks\00kl_next_dist_compiled_react-dom_0mkaliw._.js:965:74)
[1]     at commitHookEffectListMount (.next\dev\static\chunks\00kl_next_dist_compiled_react-dom_0mkaliw._.js:7255:167)
[1]     at commitHookPassiveMountEffects (.next\dev\static\chunks\00kl_next_dist_compiled_react-dom_0mkaliw._.js:7290:60)
[1]     at commitPassiveMountOnFiber (.next\dev\static\chunks\00kl_next_dist_compiled_react-dom_0mkaliw._.js:8689:33)
[1]     at recursivelyTraversePassiveMountEffects (.next\dev\static\chunks\00kl_next_dist_compiled_react-dom_0mkaliw._.js:8676:316)
[1]     at commitPassiveMountOnFiber (.next\dev\static\chunks\00kl_next_dist_compiled_react-dom_0mkaliw._.js:8750:17)
[1]     at recursivelyTraversePassiveMountEffects (.next\dev\static\chunks\00kl_next_dist_compiled_react-dom_0mkaliw._.js:8676:316)
[1]     at commitPassiveMountOnFiber (.next\dev\static\chunks\00kl_next_dist_compiled_react-dom_0mkaliw._.js:8688:17)
[1]     at recursivelyTraversePassiveMountEffects (.next\dev\static\chunks\00kl_next_dist_compiled_react-dom_0mkaliw._.js:8676:316)
[1]     at commitPassiveMountOnFiber (.next\dev\static\chunks\00kl_next_dist_compiled_react-dom_0mkaliw._.js:8750:17)
[1]     at recursivelyTraversePassiveMountEffects (.next\dev\static\chunks\00kl_next_dist_compiled_react-dom_0mkaliw._.js:8676:316)
[1]     at commitPassiveMountOnFiber (.next\dev\static\chunks\00kl_next_dist_compiled_react-dom_0mkaliw._.js:8750:17)
[1]     at recursivelyTraversePassiveMountEffects (.next\dev\static\chunks\00kl_next_dist_compiled_react-dom_0mkaliw._.js:8676:316)
[1]     at commitPassiveMountOnFiber (.next\dev\static\chunks\00kl_next_dist_compiled_react-dom_0mkaliw._.js:8750:17)
[1]     at recursivelyTraversePassiveMountEffects (.next\dev\static\chunks\00kl_next_dist_compiled_react-dom_0mkaliw._.js:8676:316)
[1]     at commitPassiveMountOnFiber (.next\dev\static\chunks\00kl_next_dist_compiled_react-dom_0mkaliw._.js:8688:17)
[1]     at recursivelyTraversePassiveMountEffects (.next\dev\static\chunks\00kl_next_dist_compiled_react-dom_0mkaliw._.js:8676:316)
[1]     at commitPassiveMountOnFiber (.next\dev\static\chunks\00kl_next_dist_compiled_react-dom_0mkaliw._.js:8688:17)
[1]     at recursivelyTraversePassiveMountEffects (.next\dev\static\chunks\00kl_next_dist_compiled_react-dom_0mkaliw._.js:8676:316)
[1]     at commitPassiveMountOnFiber (.next\dev\static\chunks\00kl_next_dist_compiled_react-dom_0mkaliw._.js:8693:17)
[1]     at recursivelyTraversePassiveMountEffects (.next\dev\static\chunks\00kl_next_dist_compiled_react-dom_0mkaliw._.js:8676:316)
[1]     at commitPassiveMountOnFiber (.next\dev\static\chunks\00kl_next_dist_compiled_react-dom_0mkaliw._.js:8688:17)
[1]     at recursivelyTraversePassiveMountEffects (.next\dev\static\chunks\00kl_next_dist_compiled_react-dom_0mkaliw._.js:8676:316)
[1]     at commitPassiveMountOnFiber (.next\dev\static\chunks\00kl_next_dist_compiled_react-dom_0mkaliw._.js:8693:17)
[1]     at recursivelyTraversePassiveMountEffects (.next\dev\static\chunks\00kl_next_dist_compiled_react-dom_0mkaliw._.js:8676:316)
[1]     at commitPassiveMountOnFiber (.next\dev\static\chunks\00kl_next_dist_compiled_react-dom_0mkaliw._.js:8688:17)
[1]     at recursivelyTraversePassiveMountEffects (.next\dev\static\chunks\00kl_next_dist_compiled_react-dom_0mkaliw._.js:8676:316)
[1]     at commitPassiveMountOnFiber (.next\dev\static\chunks\00kl_next_dist_compiled_react-dom_0mkaliw._.js:8688:17)
[1]     at recursivelyTraversePassiveMountEffects (.next\dev\static\chunks\00kl_next_dist_compiled_react-dom_0mkaliw._.js:8676:316)
[1]     at commitPassiveMountOnFiber (.next\dev\static\chunks\00kl_next_dist_compiled_react-dom_0mkaliw._.js:8693:17)
[1]     at recursivelyTraversePassiveMountEffects (.next\dev\static\chunks\00kl_next_dist_compiled_react-dom_0mkaliw._.js:8676:316)
[1]     at commitPassiveMountOnFiber (.next\dev\static\chunks\00kl_next_dist_compiled_react-dom_0mkaliw._.js:8688:17)
[1]     at recursivelyTraversePassiveMountEffects (.next\dev\static\chunks\00kl_next_dist_compiled_react-dom_0mkaliw._.js:8676:316)
[1]     at commitPassiveMountOnFiber (.next\dev\static\chunks\00kl_next_dist_compiled_react-dom_0mkaliw._.js:8750:17)
[1]     at recursivelyTraversePassiveMountEffects (.next\dev\static\chunks\00kl_next_dist_compiled_react-dom_0mkaliw._.js:8676:316)
[1]     at commitPassiveMountOnFiber (.next\dev\static\chunks\00kl_next_dist_compiled_react-dom_0mkaliw._.js:8750:17)
[1]     at recursivelyTraversePassiveMountEffects (.next\dev\static\chunks\00kl_next_dist_compiled_react-dom_0mkaliw._.js:8676:316)
[1]     at commitPassiveMountOnFiber (.next\dev\static\chunks\00kl_next_dist_compiled_react-dom_0mkaliw._.js:8750:17)
[1]     at recursivelyTraversePassiveMountEffects (.next\dev\static\chunks\00kl_next_dist_compiled_react-dom_0mkaliw._.js:8676:316)
[1]     at commitPassiveMountOnFiber (.next\dev\static\chunks\00kl_next_dist_compiled_react-dom_0mkaliw._.js:8750:17)
[1]     at recursivelyTraversePassiveMountEffects (.next\dev\static\chunks\00kl_next_dist_compiled_react-dom_0mkaliw._.js:8676:316)
[1]     at commitPassiveMountOnFiber (.next\dev\static\chunks\00kl_next_dist_compiled_react-dom_0mkaliw._.js:8750:17)
[1]     at recursivelyTraversePassiveMountEffects (.next\dev\static\chunks\00kl_next_dist_compiled_react-dom_0mkaliw._.js:8676:316)
[1]     at commitPassiveMountOnFiber (.next\dev\static\chunks\00kl_next_dist_compiled_react-dom_0mkaliw._.js:8750:17)
[1]     at recursivelyTraversePassiveMountEffects (.next\dev\static\chunks\00kl_next_dist_compiled_react-dom_0mkaliw._.js:8676:316)
[1]     at commitPassiveMountOnFiber (.next\dev\static\chunks\00kl_next_dist_compiled_react-dom_0mkaliw._.js:8750:17)
[1]     at recursivelyTraversePassiveMountEffects (.next\dev\static\chunks\00kl_next_dist_compiled_react-dom_0mkaliw._.js:8676:316)
[1]     at RootLayout (src\app\layout.tsx:32:11)
[1]   30 |       <body className="min-h-full flex flex-col bg-[#f5f7fa]" style={{ fontFamily: "'Inter...
[1]   31 |         <AuthProvider>
[1] > 32 |           <Navbar />
[1]      |           ^
[1]   33 |           <main className="flex-1">
[1]   34 |             {children}
[1]   35 |           </main>
[1]  GET / 200 in 150ms (next.js: 7ms, application-code: 143ms)
[1] [browser] Uncaught SyntaxError: "undefined" is not valid JSON
[1]     at JSON.parse (<anonymous>)
[1]     at Navbar.useEffect (.next\dev\static\chunks\workspace_MedsRemind_client_src_0u2ufoq._.js:242:40)
[1]     at Object.react_stack_bottom_frame (.next\dev\static\chunks\00kl_next_dist_compiled_react-dom_0mkaliw._.js:15087:22)
[1]     at runWithFiberInDEV (.next\dev\static\chunks\00kl_next_dist_compiled_react-dom_0mkaliw._.js:965:74)
[1]     at commitHookEffectListMount (.next\dev\static\chunks\00kl_next_dist_compiled_react-dom_0mkaliw._.js:7255:167)
[1]     at commitHookPassiveMountEffects (.next\dev\static\chunks\00kl_next_dist_compiled_react-dom_0mkaliw._.js:7290:60)
[1]     at commitPassiveMountOnFiber (.next\dev\static\chunks\00kl_next_dist_compiled_react-dom_0mkaliw._.js:8689:33)
[1]     at recursivelyTraversePassiveMountEffects (.next\dev\static\chunks\00kl_next_dist_compiled_react-dom_0mkaliw._.js:8676:316)
[1]     at commitPassiveMountOnFiber (.next\dev\static\chunks\00kl_next_dist_compiled_react-dom_0mkaliw._.js:8750:17)
[1]     at recursivelyTraversePassiveMountEffects (.next\dev\static\chunks\00kl_next_dist_compiled_react-dom_0mkaliw._.js:8676:316)
[1]     at commitPassiveMountOnFiber (.next\dev\static\chunks\00kl_next_dist_compiled_react-dom_0mkaliw._.js:8688:17)
[1]     at recursivelyTraversePassiveMountEffects (.next\dev\static\chunks\00kl_next_dist_compiled_react-dom_0mkaliw._.js:8676:316)
[1]     at commitPassiveMountOnFiber (.next\dev\static\chunks\00kl_next_dist_compiled_react-dom_0mkaliw._.js:8750:17)
[1]     at recursivelyTraversePassiveMountEffects (.next\dev\static\chunks\00kl_next_dist_compiled_react-dom_0mkaliw._.js:8676:316)
[1]     at commitPassiveMountOnFiber (.next\dev\static\chunks\00kl_next_dist_compiled_react-dom_0mkaliw._.js:8750:17)
[1]     at recursivelyTraversePassiveMountEffects (.next\dev\static\chunks\00kl_next_dist_compiled_react-dom_0mkaliw._.js:8676:316)
[1]     at commitPassiveMountOnFiber (.next\dev\static\chunks\00kl_next_dist_compiled_react-dom_0mkaliw._.js:8750:17)
[1]     at recursivelyTraversePassiveMountEffects (.next\dev\static\chunks\00kl_next_dist_compiled_react-dom_0mkaliw._.js:8676:316)
[1]     at commitPassiveMountOnFiber (.next\dev\static\chunks\00kl_next_dist_compiled_react-dom_0mkaliw._.js:8688:17)
[1]     at recursivelyTraversePassiveMountEffects (.next\dev\static\chunks\00kl_next_dist_compiled_react-dom_0mkaliw._.js:8676:316)
[1]     at commitPassiveMountOnFiber (.next\dev\static\chunks\00kl_next_dist_compiled_react-dom_0mkaliw._.js:8688:17)
[1]     at recursivelyTraversePassiveMountEffects (.next\dev\static\chunks\00kl_next_dist_compiled_react-dom_0mkaliw._.js:8676:316)
[1]     at commitPassiveMountOnFiber (.next\dev\static\chunks\00kl_next_dist_compiled_react-dom_0mkaliw._.js:8693:17)
[1]     at recursivelyTraversePassiveMountEffects (.next\dev\static\chunks\00kl_next_dist_compiled_react-dom_0mkaliw._.js:8676:316)
[1]     at commitPassiveMountOnFiber (.next\dev\static\chunks\00kl_next_dist_compiled_react-dom_0mkaliw._.js:8688:17)
[1]     at recursivelyTraversePassiveMountEffects (.next\dev\static\chunks\00kl_next_dist_compiled_react-dom_0mkaliw._.js:8676:316)
[1]     at commitPassiveMountOnFiber (.next\dev\static\chunks\00kl_next_dist_compiled_react-dom_0mkaliw._.js:8693:17)
[1]     at recursivelyTraversePassiveMountEffects (.next\dev\static\chunks\00kl_next_dist_compiled_react-dom_0mkaliw._.js:8676:316)
[1]     at commitPassiveMountOnFiber (.next\dev\static\chunks\00kl_next_dist_compiled_react-dom_0mkaliw._.js:8688:17)
[1]     at recursivelyTraversePassiveMountEffects (.next\dev\static\chunks\00kl_next_dist_compiled_react-dom_0mkaliw._.js:8676:316)
[1]     at commitPassiveMountOnFiber (.next\dev\static\chunks\00kl_next_dist_compiled_react-dom_0mkaliw._.js:8688:17)
[1]     at recursivelyTraversePassiveMountEffects (.next\dev\static\chunks\00kl_next_dist_compiled_react-dom_0mkaliw._.js:8676:316)
[1]     at commitPassiveMountOnFiber (.next\dev\static\chunks\00kl_next_dist_compiled_react-dom_0mkaliw._.js:8693:17)
[1]     at recursivelyTraversePassiveMountEffects (.next\dev\static\chunks\00kl_next_dist_compiled_react-dom_0mkaliw._.js:8676:316)
[1]     at commitPassiveMountOnFiber (.next\dev\static\chunks\00kl_next_dist_compiled_react-dom_0mkaliw._.js:8688:17)
[1]     at recursivelyTraversePassiveMountEffects (.next\dev\static\chunks\00kl_next_dist_compiled_react-dom_0mkaliw._.js:8676:316)
[1]     at commitPassiveMountOnFiber (.next\dev\static\chunks\00kl_next_dist_compiled_react-dom_0mkaliw._.js:8750:17)
[1]     at recursivelyTraversePassiveMountEffects (.next\dev\static\chunks\00kl_next_dist_compiled_react-dom_0mkaliw._.js:8676:316)
[1]     at commitPassiveMountOnFiber (.next\dev\static\chunks\00kl_next_dist_compiled_react-dom_0mkaliw._.js:8750:17)
[1]     at recursivelyTraversePassiveMountEffects (.next\dev\static\chunks\00kl_next_dist_compiled_react-dom_0mkaliw._.js:8676:316)
[1]     at commitPassiveMountOnFiber (.next\dev\static\chunks\00kl_next_dist_compiled_react-dom_0mkaliw._.js:8750:17)
[1]     at recursivelyTraversePassiveMountEffects (.next\dev\static\chunks\00kl_next_dist_compiled_react-dom_0mkaliw._.js:8676:316)
[1]     at commitPassiveMountOnFiber (.next\dev\static\chunks\00kl_next_dist_compiled_react-dom_0mkaliw._.js:8750:17)
[1]     at recursivelyTraversePassiveMountEffects (.next\dev\static\chunks\00kl_next_dist_compiled_react-dom_0mkaliw._.js:8676:316)
[1]     at commitPassiveMountOnFiber (.next\dev\static\chunks\00kl_next_dist_compiled_react-dom_0mkaliw._.js:8750:17)
[1]     at recursivelyTraversePassiveMountEffects (.next\dev\static\chunks\00kl_next_dist_compiled_react-dom_0mkaliw._.js:8676:316)
[1]     at commitPassiveMountOnFiber (.next\dev\static\chunks\00kl_next_dist_compiled_react-dom_0mkaliw._.js:8750:17)
[1]     at recursivelyTraversePassiveMountEffects (.next\dev\static\chunks\00kl_next_dist_compiled_react-dom_0mkaliw._.js:8676:316)
[1]     at commitPassiveMountOnFiber (.next\dev\static\chunks\00kl_next_dist_compiled_react-dom_0mkaliw._.js:8750:17)
[1]     at recursivelyTraversePassiveMountEffects (.next\dev\static\chunks\00kl_next_dist_compiled_react-dom_0mkaliw._.js:8676:316)
[1]     at RootLayout (src\app\layout.tsx:32:11)
[1]   30 |       <body className="min-h-full flex flex-col bg-[#f5f7fa]" style={{ fontFamily: "'Inter...
[1]   31 |         <AuthProvider>
[1] > 32 |           <Navbar />
[1]      |           ^
[1]   33 |           <main className="flex-1">
[1]   34 |             {children}
[1]   35 |           </main>
[1]  GET / 200 in 148ms (next.js: 8ms, application-code: 140ms)
[1] [browser] Uncaught SyntaxError: "undefined" is not valid JSON
[1]     at JSON.parse (<anonymous>)
[1]     at Navbar.useEffect (.next\dev\static\chunks\workspace_MedsRemind_client_src_0u2ufoq._.js:242:40)
[1]     at Object.react_stack_bottom_frame (.next\dev\static\chunks\00kl_next_dist_compiled_react-dom_0mkaliw._.js:15087:22)
[1]     at runWithFiberInDEV (.next\dev\static\chunks\00kl_next_dist_compiled_react-dom_0mkaliw._.js:965:74)
[1]     at commitHookEffectListMount (.next\dev\static\chunks\00kl_next_dist_compiled_react-dom_0mkaliw._.js:7255:167)
[1]     at commitHookPassiveMountEffects (.next\dev\static\chunks\00kl_next_dist_compiled_react-dom_0mkaliw._.js:7290:60)
[1]     at commitPassiveMountOnFiber (.next\dev\static\chunks\00kl_next_dist_compiled_react-dom_0mkaliw._.js:8689:33)
[1]     at recursivelyTraversePassiveMountEffects (.next\dev\static\chunks\00kl_next_dist_compiled_react-dom_0mkaliw._.js:8676:316)
[1]     at commitPassiveMountOnFiber (.next\dev\static\chunks\00kl_next_dist_compiled_react-dom_0mkaliw._.js:8750:17)
[1]     at recursivelyTraversePassiveMountEffects (.next\dev\static\chunks\00kl_next_dist_compiled_react-dom_0mkaliw._.js:8676:316)
[1]     at commitPassiveMountOnFiber (.next\dev\static\chunks\00kl_next_dist_compiled_react-dom_0mkaliw._.js:8688:17)
[1]     at recursivelyTraversePassiveMountEffects (.next\dev\static\chunks\00kl_next_dist_compiled_react-dom_0mkaliw._.js:8676:316)
[1]     at commitPassiveMountOnFiber (.next\dev\static\chunks\00kl_next_dist_compiled_react-dom_0mkaliw._.js:8750:17)
[1]     at recursivelyTraversePassiveMountEffects (.next\dev\static\chunks\00kl_next_dist_compiled_react-dom_0mkaliw._.js:8676:316)
[1]     at commitPassiveMountOnFiber (.next\dev\static\chunks\00kl_next_dist_compiled_react-dom_0mkaliw._.js:8750:17)
[1]     at recursivelyTraversePassiveMountEffects (.next\dev\static\chunks\00kl_next_dist_compiled_react-dom_0mkaliw._.js:8676:316)
[1]     at commitPassiveMountOnFiber (.next\dev\static\chunks\00kl_next_dist_compiled_react-dom_0mkaliw._.js:8750:17)
[1]     at recursivelyTraversePassiveMountEffects (.next\dev\static\chunks\00kl_next_dist_compiled_react-dom_0mkaliw._.js:8676:316)
[1]     at commitPassiveMountOnFiber (.next\dev\static\chunks\00kl_next_dist_compiled_react-dom_0mkaliw._.js:8688:17)
[1]     at recursivelyTraversePassiveMountEffects (.next\dev\static\chunks\00kl_next_dist_compiled_react-dom_0mkaliw._.js:8676:316)
[1]     at commitPassiveMountOnFiber (.next\dev\static\chunks\00kl_next_dist_compiled_react-dom_0mkaliw._.js:8688:17)
[1]     at recursivelyTraversePassiveMountEffects (.next\dev\static\chunks\00kl_next_dist_compiled_react-dom_0mkaliw._.js:8676:316)
[1]     at commitPassiveMountOnFiber (.next\dev\static\chunks\00kl_next_dist_compiled_react-dom_0mkaliw._.js:8693:17)
[1]     at recursivelyTraversePassiveMountEffects (.next\dev\static\chunks\00kl_next_dist_compiled_react-dom_0mkaliw._.js:8676:316)
[1]     at commitPassiveMountOnFiber (.next\dev\static\chunks\00kl_next_dist_compiled_react-dom_0mkaliw._.js:8688:17)
[1]     at recursivelyTraversePassiveMountEffects (.next\dev\static\chunks\00kl_next_dist_compiled_react-dom_0mkaliw._.js:8676:316)
[1]     at commitPassiveMountOnFiber (.next\dev\static\chunks\00kl_next_dist_compiled_react-dom_0mkaliw._.js:8693:17)
[1]     at recursivelyTraversePassiveMountEffects (.next\dev\static\chunks\00kl_next_dist_compiled_react-dom_0mkaliw._.js:8676:316)
[1]     at commitPassiveMountOnFiber (.next\dev\static\chunks\00kl_next_dist_compiled_react-dom_0mkaliw._.js:8688:17)
[1]     at recursivelyTraversePassiveMountEffects (.next\dev\static\chunks\00kl_next_dist_compiled_react-dom_0mkaliw._.js:8676:316)
[1]     at commitPassiveMountOnFiber (.next\dev\static\chunks\00kl_next_dist_compiled_react-dom_0mkaliw._.js:8688:17)
[1]     at recursivelyTraversePassiveMountEffects (.next\dev\static\chunks\00kl_next_dist_compiled_react-dom_0mkaliw._.js:8676:316)
[1]     at commitPassiveMountOnFiber (.next\dev\static\chunks\00kl_next_dist_compiled_react-dom_0mkaliw._.js:8693:17)
[1]     at recursivelyTraversePassiveMountEffects (.next\dev\static\chunks\00kl_next_dist_compiled_react-dom_0mkaliw._.js:8676:316)
[1]     at commitPassiveMountOnFiber (.next\dev\static\chunks\00kl_next_dist_compiled_react-dom_0mkaliw._.js:8688:17)
[1]     at recursivelyTraversePassiveMountEffects (.next\dev\static\chunks\00kl_next_dist_compiled_react-dom_0mkaliw._.js:8676:316)
[1]     at commitPassiveMountOnFiber (.next\dev\static\chunks\00kl_next_dist_compiled_react-dom_0mkaliw._.js:8750:17)
[1]     at recursivelyTraversePassiveMountEffects (.next\dev\static\chunks\00kl_next_dist_compiled_react-dom_0mkaliw._.js:8676:316)
[1]     at commitPassiveMountOnFiber (.next\dev\static\chunks\00kl_next_dist_compiled_react-dom_0mkaliw._.js:8750:17)
[1]     at recursivelyTraversePassiveMountEffects (.next\dev\static\chunks\00kl_next_dist_compiled_react-dom_0mkaliw._.js:8676:316)
[1]     at commitPassiveMountOnFiber (.next\dev\static\chunks\00kl_next_dist_compiled_react-dom_0mkaliw._.js:8750:17)
[1]     at recursivelyTraversePassiveMountEffects (.next\dev\static\chunks\00kl_next_dist_compiled_react-dom_0mkaliw._.js:8676:316)
[1]     at commitPassiveMountOnFiber (.next\dev\static\chunks\00kl_next_dist_compiled_react-dom_0mkaliw._.js:8750:17)
[1]     at recursivelyTraversePassiveMountEffects (.next\dev\static\chunks\00kl_next_dist_compiled_react-dom_0mkaliw._.js:8676:316)
[1]     at commitPassiveMountOnFiber (.next\dev\static\chunks\00kl_next_dist_compiled_react-dom_0mkaliw._.js:8750:17)
[1]     at recursivelyTraversePassiveMountEffects (.next\dev\static\chunks\00kl_next_dist_compiled_react-dom_0mkaliw._.js:8676:316)
[1]     at commitPassiveMountOnFiber (.next\dev\static\chunks\00kl_next_dist_compiled_react-dom_0mkaliw._.js:8750:17)
[1]     at recursivelyTraversePassiveMountEffects (.next\dev\static\chunks\00kl_next_dist_compiled_react-dom_0mkaliw._.js:8676:316)
[1]     at commitPassiveMountOnFiber (.next\dev\static\chunks\00kl_next_dist_compiled_react-dom_0mkaliw._.js:8750:17)
[1]     at recursivelyTraversePassiveMountEffects (.next\dev\static\chunks\00kl_next_dist_compiled_react-dom_0mkaliw._.js:8676:316)
[1]     at RootLayout (src\app\layout.tsx:32:11)
[1]   30 |       <body className="min-h-full flex flex-col bg-[#f5f7fa]" style={{ fontFamily: "'Inter...
[1]   31 |         <AuthProvider>
[1] > 32 |           <Navbar />
[1]      |           ^
[1]   33 |           <main className="flex-1">
[1]   34 |             {children}
[1]   35 |           </main>
[1] ✓ Compiled in 776ms
[1] [browser] Uncaught Error: Internal Next.js error: Router action dispatched before initialization.
[1]     at dispatchAppRouterAction (.next\dev\static\chunks\00kl_next_dist_client_0~nhd0v._.js:916:37)
[1]     at <unknown> (.next\dev\static\chunks\00kl_next_dist_client_0~nhd0v._.js:11800:61)
[1]     at startTransition (.next\dev\static\chunks\00kl_next_dist_compiled_01ve3ky._.js:1279:31)
[1]     at Object.hmrRefresh (.next\dev\static\chunks\00kl_next_dist_client_0~nhd0v._.js:11799:40)
[1]     at <unknown> (.next\dev\static\chunks\00kl_next_dist_client_0~nhd0v._.js:13967:64)
[1]     at startTransition (.next\dev\static\chunks\00kl_next_dist_compiled_01ve3ky._.js:1279:31)
[1]     at processMessage (.next\dev\static\chunks\00kl_next_dist_client_0~nhd0v._.js:13966:44)
[1]     at WebSocket.handleMessage (.next\dev\static\chunks\00kl_next_dist_client_0~nhd0v._.js:13335:52)
[1]  GET /login 200 in 1946ms (next.js: 620ms, application-code: 1327ms)
[1]  GET /admin 200 in 1639ms (next.js: 1455ms, application-code: 184ms)
[1] [browser] Detected `scroll-behavior: smooth` on the `<html>` element. To disable smooth scrolling during route transitions, add `data-scroll-behavior="smooth"` to your <html> element. Learn more: https://nextjs.org/docs/messages/missing-data-scroll-behavior (.next\dev\static\chunks\00kl_next_dist_0e~eko-._.js:2431:13)
[1] [browser] Error fetching admin data: AxiosError: Request failed with status code 404
[1]     at settle (.next\dev\static\chunks\00kl_axios_lib_08zo4xt._.js:2070:16)
[1]     at XMLHttpRequest.onloadend (.next\dev\static\chunks\00kl_axios_lib_08zo4xt._.js:2615:211)
[1]     at Axios.request (.next\dev\static\chunks\00kl_axios_lib_08zo4xt._.js:3435:49)
[1]     at async fetchData (.next\dev\static\chunks\workspace_MedsRemind_client_src_040__l8._.js:141:47) (.next\dev\static\chunks\workspace_MedsRemind_client_src_040__l8._.js:163:21)
[1]  GET /admin/orders 200 in 956ms (next.js: 829ms, application-code: 127ms)
[1]  GET /admin 200 in 219ms (next.js: 100ms, application-code: 119ms)
[1] [browser] Error fetching admin data: AxiosError: Request failed with status code 404
[1]     at settle (.next\dev\static\chunks\00kl_axios_lib_08zo4xt._.js:2070:16)
[1]     at XMLHttpRequest.onloadend (.next\dev\static\chunks\00kl_axios_lib_08zo4xt._.js:2615:211)
[1]     at Axios.request (.next\dev\static\chunks\00kl_axios_lib_08zo4xt._.js:3435:49)
[1]     at async fetchData (.next\dev\static\chunks\workspace_MedsRemind_client_src_040__l8._.js:141:47) (.next\dev\static\chunks\workspace_MedsRemind_client_src_040__l8._.js:163:21)
[1]  GET /login 200 in 139ms (next.js: 28ms, application-code: 111ms)
[1]  GET /dashboard 200 in 1534ms (next.js: 1355ms, application-code: 180ms)
[1] 
[1] thread 'tokio-runtime-worker' (17104) panicked at turbopack\crates\turbo-tasks-backend\src\backend\operation\mod.rs:197:17:
[1] Failed to restore task data (corrupted database or bug): Meta for TaskId 559710)
[1] 
[1] Caused by:
[1]     0: Looking up task storage for TaskId 559710 from database failed
[1]     1: Unable to open static sorted file referenced from 00001785.meta
[1]     2: Unable to open static sorted file 00001783.sst
[1]     3: Failed to mmap SST file D:\workspace\MedsRemind\client\.next\dev\cache/turbopack\2275bd85\00001783.sst (27953461 bytes)
    4: The paging file is too small for this operation to complete. (os error 1455)
[1] note: run with `RUST_BACKTRACE=1` environment variable to display a backtrace
[1] 
[1] -----
[1] [1m[31mFATAL[39m[0m: An unexpected Turbopack error occurred. A panic log has been written to C:\Users\HP\AppData\Local\Temp\next-panic-cb47898f01bc9d7f8070e8a0400489a9.log.
[1] 
[1] To help make Turbopack better, report this error by clicking here: https://bugs.nextjs.org/search?category=turbopack-error-report&title=Turbopack%20Error%3A%20Failed%20to%20restore%20task%20data%20%28corrupted%20database%20or%20bug%29%3A%20Meta%20for%20TaskId%20559710%29&body=Turbopack%20version%3A%20%602275bd85%60%0ANext.js%20version%3A%20%600.0.0%60%0A%0AError%20message%3A%0A%60%60%60%0AFailed%20to%20restore%20task%20data%20%28corrupted%20database%20or%20bug%29%3A%20Meta%20for%20TaskId%20559710%29%0A%0ADebug%20info%3A%0A-%20Execution%20of%20Project%3A%3Ahmr_version_state%20failed%0A-%20Failed%20to%20restore%20task%20data%20%28corrupted%20database%20or%20bug%29%3A%20Meta%20for%20TaskId%20559710%29%0A%20%20%0A%20%20Caused%20by%3A%0A%20%20%20%20%20%200%3A%20Looking%20up%20task%20storage%20for%20TaskId%20559710%20from%20database%20failed%0A%20%20%20%20%20%201%3A%20Unable%20to%20open%20static%20sorted%20file%20referenced%20from%2000001785.meta%0A%20%20%20%20%20%202%3A%20Unable%20to%20open%20static%20sorted%20file%2000001783.sst%0A%20%20%20%20%20%203%3A%20Failed%20to%20mmap%20SST%20file%20D%3A%5Cworkspace%5CMedsRemind%5Cclient%5C.next%5Cdev%5Ccache%2Fturbopack%5C2275bd85%5C00001783.sst%20%2827953461%20bytes%29%0A%20%20%20%20%20%204%3A%20The%20paging%20file%20is%20too%20small%20for%20this%20operation%20to%20complete.%20%28os%20error%201455%29%0A%60%60%60&labels=Turbopack,Turbopack%20Panic%20Backtrace
[1] -----
[1] 
[1]  GET /dashboard 200 in 407ms (next.js: 24ms, application-code: 383ms)
[1] [browser] AxiosError: Request failed with status code 404
[1]     at settle (.next\dev\static\chunks\00kl_axios_lib_08zo4xt._.js:2070:16)
[1]     at XMLHttpRequest.onloadend (.next\dev\static\chunks\00kl_axios_lib_08zo4xt._.js:2615:211) (.next\dev\static\chunks\workspace_MedsRemind_client_0f38sny._.js:131:21)
[1] [browser] AxiosError: Request failed with status code 404
[1]     at settle (.next\dev\static\chunks\00kl_axios_lib_08zo4xt._.js:2070:16)
[1]     at XMLHttpRequest.onloadend (.next\dev\static\chunks\00kl_axios_lib_08zo4xt._.js:2615:211) (.next\dev\static\chunks\workspace_MedsRemind_client_0f38sny._.js:118:21)
[1] [browser] AxiosError: Request failed with status code 404
[1]     at settle (.next\dev\static\chunks\00kl_axios_lib_08zo4xt._.js:2070:16)
[1]     at XMLHttpRequest.onloadend (.next\dev\static\chunks\00kl_axios_lib_08zo4xt._.js:2615:211) (.next\dev\static\chunks\workspace_MedsRemind_client_0f38sny._.js:92:21)
[1]  GET /notifications 200 in 1359ms (next.js: 1202ms, application-code: 157ms)
[1] [browser] Detected `scroll-behavior: smooth` on the `<html>` element. To disable smooth scrolling during route transitions, add `data-scroll-behavior="smooth"` to your <html> element. Learn more: https://nextjs.org/docs/messages/missing-data-scroll-behavior (.next\dev\static\chunks\00kl_next_dist_0e~eko-._.js:2431:13)
[1]  GET /orders 200 in 1821ms (next.js: 1720ms, application-code: 101ms)
[1] [browser] AxiosError: Request failed with status code 404
[1]     at settle (.next\dev\static\chunks\00kl_axios_lib_08zo4xt._.js:2070:16)
[1]     at XMLHttpRequest.onloadend (.next\dev\static\chunks\00kl_axios_lib_08zo4xt._.js:2615:211) (.next\dev\static\chunks\workspace_MedsRemind_client_11gl9at._.js:69:21)
[1] [browser] AxiosError: Request failed with status code 404
[1]     at settle (.next\dev\static\chunks\00kl_axios_lib_08zo4xt._.js:2070:16)
[1]     at XMLHttpRequest.onloadend (.next\dev\static\chunks\00kl_axios_lib_08zo4xt._.js:2615:211) (.next\dev\static\chunks\workspace_MedsRemind_client_11gl9at._.js:69:21)
[1]  GET /notifications 200 in 215ms (next.js: 32ms, application-code: 183ms)
[1] ✓ Compiled in 42.2s
[1]  GET /notifications 200 in 17.0s (next.js: 5.9s, application-code: 11.2s)
[1]  GET /notifications 200 in 1508ms (next.js: 1033ms, application-code: 474ms)
[1]  GET /notifications 200 in 132ms (next.js: 87ms, application-code: 45ms)
[1]  GET /notifications 200 in 273ms (next.js: 9ms, application-code: 263ms)
[1]  GET /notifications 200 in 62ms (next.js: 9ms, application-code: 53ms)
[1]  GET /notifications 200 in 14ms (next.js: 5ms, application-code: 8ms)
[1]  GET /notifications 200 in 50ms (next.js: 5ms, application-code: 45ms)
[1]  GET /notifications 200 in 14ms (next.js: 5ms, application-code: 9ms)
[1]  GET /notifications 200 in 38ms (next.js: 4ms, application-code: 34ms)
[1]  GET /notifications 200 in 20ms (next.js: 10ms, application-code: 10ms)
[1]  GET /notifications 200 in 62ms (next.js: 6ms, application-code: 56ms)
[1]  GET /login 200 in 1519ms (next.js: 1281ms, application-code: 238ms)
[1]  GET /login 200 in 189ms (next.js: 29ms, application-code: 160ms)
[1] [browser] Detected `scroll-behavior: smooth` on the `<html>` element. To disable smooth scrolling during route transitions, add `data-scroll-behavior="smooth"` to your <html> element. Learn more: https://nextjs.org/docs/messages/missing-data-scroll-behavior (.next\dev\static\chunks\00kl_next_dist_0e~eko-._.js:2431:13)
[1]  GET /dashboard 200 in 1459ms (next.js: 1244ms, application-code: 216ms)
[1] [browser] AxiosError: Request failed with status code 404
[1]     at settle (.next\dev\static\chunks\00kl_axios_lib_08zo4xt._.js:2070:16)
[1]     at XMLHttpRequest.onloadend (.next\dev\static\chunks\00kl_axios_lib_08zo4xt._.js:2615:211) (.next\dev\static\chunks\workspace_MedsRemind_client_04kg21s._.js:117:21)
[1] [browser] AxiosError: Request failed with status code 404
[1]     at settle (.next\dev\static\chunks\00kl_axios_lib_08zo4xt._.js:2070:16)
[1]     at XMLHttpRequest.onloadend (.next\dev\static\chunks\00kl_axios_lib_08zo4xt._.js:2615:211) (.next\dev\static\chunks\workspace_MedsRemind_client_04kg21s._.js:117:21)
[1] [browser] AxiosError: Request failed with status code 404
[1]     at settle (.next\dev\static\chunks\00kl_axios_lib_08zo4xt._.js:2070:16)
[1]     at XMLHttpRequest.onloadend (.next\dev\static\chunks\00kl_axios_lib_08zo4xt._.js:2615:211) (.next\dev\static\chunks\workspace_MedsRemind_client_04kg21s._.js:78:21)
[1] [browser] AxiosError: Request failed with status code 404
[1]     at settle (.next\dev\static\chunks\00kl_axios_lib_08zo4xt._.js:2070:16)
[1]     at XMLHttpRequest.onloadend (.next\dev\static\chunks\00kl_axios_lib_08zo4xt._.js:2615:211) (.next\dev\static\chunks\workspace_MedsRemind_client_04kg21s._.js:78:21)
[1] [browser] AxiosError: Request failed with status code 404
[1]     at settle (.next\dev\static\chunks\00kl_axios_lib_08zo4xt._.js:2070:16)
[1]     at XMLHttpRequest.onloadend (.next\dev\static\chunks\00kl_axios_lib_08zo4xt._.js:2615:211) (.next\dev\static\chunks\workspace_MedsRemind_client_04kg21s._.js:104:21)
[1] [browser] AxiosError: Request failed with status code 404
[1]     at settle (.next\dev\static\chunks\00kl_axios_lib_08zo4xt._.js:2070:16)
[1]     at XMLHttpRequest.onloadend (.next\dev\static\chunks\00kl_axios_lib_08zo4xt._.js:2615:211) (.next\dev\static\chunks\workspace_MedsRemind_client_04kg21s._.js:104:21)
[1]  GET /notifications 200 in 155ms (next.js: 35ms, application-code: 120ms)
[1] ✓ Finished filesystem cache database compaction in 10.2s
[1]  GET /login 200 in 3.4s (next.js: 46ms, application-code: 3.4s)
[1]  GET /dashboard 200 in 208ms (next.js: 63ms, application-code: 145ms)
[1] [browser] Detected `scroll-behavior: smooth` on the `<html>` element. To disable smooth scrolling during route transitions, add `data-scroll-behavior="smooth"` to your <html> element. Learn more: https://nextjs.org/docs/messages/missing-data-scroll-behavior (.next\dev\static\chunks\00kl_next_dist_0e~eko-._.js:2431:13)
[1] [browser] AxiosError: Request failed with status code 404
[1]     at settle (.next\dev\static\chunks\00kl_axios_lib_08zo4xt._.js:2070:16)
[1]     at XMLHttpRequest.onloadend (.next\dev\static\chunks\00kl_axios_lib_08zo4xt._.js:2615:211) (.next\dev\static\chunks\workspace_MedsRemind_client_04kg21s._.js:117:21)
[1] [browser] AxiosError: Request failed with status code 404
[1]     at settle (.next\dev\static\chunks\00kl_axios_lib_08zo4xt._.js:2070:16)
[1]     at XMLHttpRequest.onloadend (.next\dev\static\chunks\00kl_axios_lib_08zo4xt._.js:2615:211) (.next\dev\static\chunks\workspace_MedsRemind_client_04kg21s._.js:104:21)
[1] [browser] AxiosError: Request failed with status code 404
[1]     at settle (.next\dev\static\chunks\00kl_axios_lib_08zo4xt._.js:2070:16)
[1]     at XMLHttpRequest.onloadend (.next\dev\static\chunks\00kl_axios_lib_08zo4xt._.js:2615:211) (.next\dev\static\chunks\workspace_MedsRemind_client_04kg21s._.js:78:21)
[1] [browser] AxiosError: Request failed with status code 404
[1]     at settle (.next\dev\static\chunks\00kl_axios_lib_08zo4xt._.js:2070:16)
[1]     at XMLHttpRequest.onloadend (.next\dev\static\chunks\00kl_axios_lib_08zo4xt._.js:2615:211) (.next\dev\static\chunks\workspace_MedsRemind_client_04kg21s._.js:117:21)
[1] [browser] AxiosError: Request failed with status code 404
[1]     at settle (.next\dev\static\chunks\00kl_axios_lib_08zo4xt._.js:2070:16)
[1]     at XMLHttpRequest.onloadend (.next\dev\static\chunks\00kl_axios_lib_08zo4xt._.js:2615:211) (.next\dev\static\chunks\workspace_MedsRemind_client_04kg21s._.js:104:21)
[1] [browser] AxiosError: Request failed with status code 404
[1]     at settle (.next\dev\static\chunks\00kl_axios_lib_08zo4xt._.js:2070:16)
[1]     at XMLHttpRequest.onloadend (.next\dev\static\chunks\00kl_axios_lib_08zo4xt._.js:2615:211) (.next\dev\static\chunks\workspace_MedsRemind_client_04kg21s._.js:78:21)
[1]  GET /orders 200 in 1852ms (next.js: 1502ms, application-code: 350ms)
[1] [browser] AxiosError: Request failed with status code 404
[1]     at settle (.next\dev\static\chunks\00kl_axios_lib_08zo4xt._.js:2070:16)
[1]     at XMLHttpRequest.onloadend (.next\dev\static\chunks\00kl_axios_lib_08zo4xt._.js:2615:211) (.next\dev\static\chunks\workspace_MedsRemind_client_0112br.._.js:55:21)
[1] [browser] AxiosError: Request failed with status code 404
[1]     at settle (.next\dev\static\chunks\00kl_axios_lib_08zo4xt._.js:2070:16)
[1]     at XMLHttpRequest.onloadend (.next\dev\static\chunks\00kl_axios_lib_08zo4xt._.js:2615:211) (.next\dev\static\chunks\workspace_MedsRemind_client_0112br.._.js:55:21)
[1]  GET /notifications 200 in 110ms (next.js: 6ms, application-code: 104ms)
[1]  GET /notifications 200 in 1844ms (next.js: 9ms, application-code: 1836ms)
[1]  GET /orders 200 in 116ms (next.js: 22ms, application-code: 94ms)
[1] [browser] AxiosError: Request failed with status code 404
[1]     at settle (.next\dev\static\chunks\00kl_axios_lib_08zo4xt._.js:2070:16)
[1]     at XMLHttpRequest.onloadend (.next\dev\static\chunks\00kl_axios_lib_08zo4xt._.js:2615:211) (.next\dev\static\chunks\workspace_MedsRemind_client_0112br.._.js:55:21)
[1] [browser] AxiosError: Request failed with status code 404
[1]     at settle (.next\dev\static\chunks\00kl_axios_lib_08zo4xt._.js:2070:16)
[1]     at XMLHttpRequest.onloadend (.next\dev\static\chunks\00kl_axios_lib_08zo4xt._.js:2615:211) (.next\dev\static\chunks\workspace_MedsRemind_client_0112br.._.js:55:21)
[1]  GET /shop 200 in 1850ms (next.js: 1624ms, application-code: 226ms)
[1] [browser] Detected `scroll-behavior: smooth` on the `<html>` element. To disable smooth scrolling during route transitions, add `data-scroll-behavior="smooth"` to your <html> element. Learn more: https://nextjs.org/docs/messages/missing-data-scroll-behavior (.next\dev\static\chunks\00kl_next_dist_0e~eko-._.js:2431:13)
[1]  GET /checkout 200 in 1487ms (next.js: 1336ms, application-code: 151ms)
[1] ○ Compiling /track ...
[1]  GET /notifications 200 in 1174ms (next.js: 1135ms, application-code: 39ms)
[1]  GET /track?id=21 200 in 5.9s (next.js: 5.7s, application-code: 228ms)
[1] ✓ Finished writing to filesystem cache in 17.8s
