
> server@1.0.0 dev
> nodemon src/index.js

[33m[nodemon] 3.1.14[39m
[33m[nodemon] to restart at any time, enter `rs`[39m
[33m[nodemon] watching path(s): *.*[39m
[33m[nodemon] watching extensions: js,mjs,cjs,json[39m
[32m[nodemon] starting `node src/index.js`[39m
◇ injected env (2) from .env // tip: ⌘ enable debugging { debug: true }
◇ injected env (0) from .env // tip: ◈ encrypted .env [www.dotenvx.com]
Production Server running on port 5006
Connected to the SQLite database at: D:\workspace\MedsRemind\server\database.sqlite
[32m[nodemon] restarting due to changes...[39m
[32m[nodemon] restarting due to changes...[39m
[32m[nodemon] restarting due to changes...[39m
[32m[nodemon] restarting due to changes...[39m
[32m[nodemon] restarting due to changes...[39m
[32m[nodemon] restarting due to changes...[39m
[32m[nodemon] restarting due to changes...[39m
[32m[nodemon] restarting due to changes...[39m
[32m[nodemon] restarting due to changes...[39m
[32m[nodemon] restarting due to changes...[39m
[32m[nodemon] restarting due to changes...[39m
[32m[nodemon] starting `node src/index.js`[39m
[32m[nodemon] restarting due to changes...[39m
◇ injected env (2) from .env // tip: ⌘ enable debugging { debug: true }
◇ injected env (0) from .env // tip: ⌘ suppress logs { quiet: true }
node:events:502
      throw er; // Unhandled 'error' event
      ^

Error: listen EADDRINUSE: address already in use :::5006
    at Server.setupListenHandle [as _listen2] (node:net:1908:16)
    at listenInCluster (node:net:1965:12)
    at Server.listen (node:net:2067:7)
    at Object.<anonymous> (D:\workspace\MedsRemind\server\src\index.js:214:8)
    at Module._compile (node:internal/modules/cjs/loader:1529:14)
    at Module._extensions..js (node:internal/modules/cjs/loader:1613:10)
    at Module.load (node:internal/modules/cjs/loader:1275:32)
    at Module._load (node:internal/modules/cjs/loader:1096:12)
    at Function.executeUserEntryPoint [as runMain] (node:internal/modules/run_main:164:12)
    at node:internal/main/run_main_module:28:49
Emitted 'error' event on Server instance at:
    at emitErrorNT (node:net:1944:8)
    at process.processTicksAndRejections (node:internal/process/task_queues:82:21) {
  code: 'EADDRINUSE',
  errno: -4091,
  syscall: 'listen',
  address: '::',
  port: 5006
}

Node.js v20.19.4
[32m[nodemon] starting `node src/index.js`[39m
[32m[nodemon] restarting due to changes...[39m
[32m[nodemon] starting `node src/index.js`[39m
◇ injected env (2) from .env // tip: ⌘ suppress logs { quiet: true }
◇ injected env (0) from .env // tip: ⌘ multiple files { path: ['.env.local', '.env'] }
Server running on port 5006
Connected to the SQLite database at: D:\workspace\MedsRemind\server\database.sqlite
[32m[nodemon] clean exit - waiting for changes before restart[39m
[32m[nodemon] restarting due to changes...[39m
[32m[nodemon] starting `node src/index.js`[39m
node:internal/child_process:420
    throw new ErrnoException(err, 'spawn');
          ^

Error: spawn UNKNOWN
    at ChildProcess.spawn (node:internal/child_process:420:11)
    at spawn (node:child_process:762:9)
    at fork (node:child_process:172:10)
    at Object.run (D:\workspace\MedsRemind\server\node_modules\nodemon\lib\monitor\run.js:138:13)
    at run.kill (D:\workspace\MedsRemind\server\node_modules\nodemon\lib\monitor\run.js:482:9)
    at Bus.<anonymous> (D:\workspace\MedsRemind\server\node_modules\nodemon\lib\monitor\run.js:537:7)
    at Bus.emit (node:events:536:35)
    at restartBus (D:\workspace\MedsRemind\server\node_modules\nodemon\lib\monitor\watch.js:233:7)
    at FSWatcher.filterAndRestart (D:\workspace\MedsRemind\server\node_modules\nodemon\lib\monitor\watch.js:217:16)
    at FSWatcher.emit (node:events:524:28) {
  errno: -4094,
  code: 'UNKNOWN',
  syscall: 'spawn'
}

Node.js v20.19.4
